Agent Group Id: 025000000000002
Agent Group Name: Informatica Cloud Hosted Agent
Agent Id: 00800000000005F
Task Name: Lookup_Mapping
Task Type: MTT_TEST
Task Id: 012MMN0Z000000000004
Run Id: 1
Service Id: 1528261
Started By: kumar.amitav1@ibm.com
Run Context Type: ICS_UI
06/28/2024 01:01:43 **** Importing Connection: Conn_012MMN0B000000000002 ...
06/28/2024 01:01:43 **** Importing Source Definition: Phone_Sales_Record ...
06/28/2024 01:01:43 **** Importing Target Definition: Amitav_lookup ...
06/28/2024 01:01:43 **** Importing SessionConfig: default_session_config ...
    <Warning> :  The Error Log DB Connection value should have Relational: as the prefix.
    <Warning> :  Invalid value  for attribute Error Log DB Connection. Will use the default value 
    Validating Source Definition  Phone_Sales_Record...
    Validating Target Definition  Amitav_lookup...
06/28/2024 01:01:43 **** Importing Mapping: Mapping0 ...
    <Warning> :  transformation: Source - Invalid value  for attribute Output is repeatable. Will use the default value Never    [transformation< Source > ] 
Validating transformations of mapping Mapping0...
Validating mapping variable(s).
06/28/2024 01:01:43 **** Importing Workflow: wf_mtt_012MMN0Z000000000004 ...
    <Warning> :  Invalid value None for attribute Pushdown Optimization Context. Will use the default value None     [Session< s_mtt_012MMN0Z000000000004 > ] 
    <Warning> :  The value entered is not a valid integer.
    <Warning> :  Invalid value NO for attribute Fail task after wait time. Will use the default value 
Successfully extracted session instance [s_mtt_012MMN0Z000000000004].  Starting repository sequence id is [762087735]
DIRECTOR> VAR_27085 [2024-06-28 01:01:43.835] Parameter file [/data2/home/cldagnt/SystemAgent/apps/Data_Integration_Server/data/012MMN0E00000000005O/012MMN/parameters/s_mtt_012MMN0Z000000000004.param] is opened for [session [wf_mtt_012MMN0Z000000000004.s_mtt_012MMN0Z000000000004]].
DIRECTOR> VAR_27062 [2024-06-28 01:01:43.836] Warning! Cannot find section for worklet [wf_mtt_012MMN0Z000000000004] and folder [] in parameter file [/data2/home/cldagnt/SystemAgent/apps/Data_Integration_Server/data/012MMN0E00000000005O/012MMN/parameters/s_mtt_012MMN0Z000000000004.param].
DIRECTOR> TM_6014 [2024-06-28 01:01:43.836] Initializing session [s_mtt_012MMN0Z000000000004] at [Fri Jun 28 01:01:43 2024].
DIRECTOR> TM_6683 [2024-06-28 01:01:43.836] Repository Name: [XMLRepository]
DIRECTOR> TM_6684 [2024-06-28 01:01:43.836] Server Name: [rDTM]
DIRECTOR> TM_6686 [2024-06-28 01:01:43.836] Folder: []
DIRECTOR> TM_6685 [2024-06-28 01:01:43.836] Workflow: [wf_mtt_012MMN0Z000000000004] Run Instance Name: [] Run Id: [0]
DIRECTOR> TM_6992 [2024-06-28 01:01:43.836] Operating System Type [Linux]
DIRECTOR> TM_6101 [2024-06-28 01:01:43.836] Mapping name: Mapping0.
DIRECTOR> TM_6964 [2024-06-28 01:01:43.837] Date format for the Session is [MM/DD/YYYY HH24:MI:SS.US]
DIRECTOR> TM_6703 [2024-06-28 01:01:43.837] Session [s_mtt_012MMN0Z000000000004] is run by 64-bit Integration Service  [], version [10.2.0 HotFix2], build [0320].
MANAGER> PETL_24091 [2024-06-28 01:01:43.866] Thread [MANAGER] has the ID [1].
MANAGER> PETL_24058 [2024-06-28 01:01:43.866] Running Partition Group [1].
MANAGER> PETL_24000 [2024-06-28 01:01:43.866] Parallel Pipeline Engine initializing.
MONITOR> PETL_24091 [2024-06-28 01:01:43.872] Thread [MONITOR] has the ID [2].
MANAGER> PETL_24001 [2024-06-28 01:01:43.872] Parallel Pipeline Engine running.
MANAGER> PETL_24003 [2024-06-28 01:01:43.872] Initializing session run.
MAPPING> PETL_24091 [2024-06-28 01:01:43.877] Thread [MAPPING] has the ID [3].
MAPPING> CMN_1569 [2024-06-28 01:01:43.880] Server Mode: [UNICODE]
MAPPING> CMN_1570 [2024-06-28 01:01:43.880] Server Code page: [ISO 8859-1 Western European]
MAPPING> TM_6151 [2024-06-28 01:01:43.880] The session sort order is [Binary].
MAPPING> TM_6185 [2024-06-28 01:01:43.880] Warning. Code page validation is disabled in this session.
MAPPING> CMN_65110 [2024-06-28 01:01:43.880] Current Timezone:[UTC -5:0]
MAPPING> CMN_65111 [2024-06-28 01:01:43.880] Current Process ID:[706382]
MAPPING> TM_6155 [2024-06-28 01:01:43.880] Using HIGH precision processing.
MAPPING> TM_6180 [2024-06-28 01:01:43.880] Deadlock retry logic will not be implemented.
MAPPING> TM_6187 [2024-06-28 01:01:43.880] Session target-based commit interval is [10000].
MAPPING> TM_6307 [2024-06-28 01:01:43.881] DTM error log disabled. 
MAPPING> TE_7022 [2024-06-28 01:01:43.881] TShmWriter: Initialized
MAPPING> DBG_21075 [2024-06-28 01:01:43.883] Connecting to database [odbc://dbtype=MySQL;host=db4free.net;port=3306;database=fstm4db], Type [ODBC], User [fstm4db]
MAPPING> CMN_1021 [2024-06-28 01:01:46.540] Database driver event...
CMN_1021 [ODBC Event Using array fetches.
ODBC Event Using Single Row Inserts. connect string = [Driver=MySQL ODBC 8.0 Unicode Driver;Server=db4free.net;Database=fstm4db;Port=3306;USER=fstm4db;NO_SSPS=1;stmt=set time_zone = '+00:00';Charset=UTF8;OPTION=3;SSLMODE=DISABLED]. userid = [fstm4db]
ODBC Version:	03.52
.
DBMS Name:	MySQL
.
DBMS Version:	8.3.0
.
Driver Name:	libmyodbc8w.so
.
Driver Version:	08.00.0012
.
Driver ODBC Version:	03.80
.
MySQL rewrite batch optimization is disabled with maximum bind parameter size set to 2500.]

MAPPING> CMN_1716 [2024-06-28 01:01:46.541] Lookup [Lookup] uses database connection [Relational:Conn_012MMN0B000000000002] in code page [UTF-8 encoding of Unicode]
MAPPING> DBG_21694 [2024-06-28 01:01:46.541] Rank Partition [0]: Index cache size = [1000000], Data cache size = [2000000]
MAPPING> TE_7212 [2024-06-28 01:01:46.541] Increasing [Index Cache] size for transformation [Rank] from [1000000] to [1049760].
MAPPING> TE_7212 [2024-06-28 01:01:46.541] Increasing [Data Cache] size for transformation [Rank] from [2000000] to [2126848].
MAPPING> TE_7029 [2024-06-28 01:01:46.542] Aggregate Information: Creating New Index and Data Files
MAPPING> TE_7034 [2024-06-28 01:01:46.542] Aggregate Information: Index file is [/data2/home/cldagnt/SystemAgent/apps/Data_Integration_Server/data/012MMN0E00000000005O/012MMN/cache/PMAGG762087774_5_0.idx]
MAPPING> TE_7035 [2024-06-28 01:01:46.542] Aggregate Information: Data file is [/data2/home/cldagnt/SystemAgent/apps/Data_Integration_Server/data/012MMN0E00000000005O/012MMN/cache/PMAGG762087774_5_0.dat]
MAPPING> TM_6007 [2024-06-28 01:01:46.542] DTM initialized successfully for session [s_mtt_012MMN0Z000000000004]
DIRECTOR> PETL_24033 [2024-06-28 01:01:46.835] All DTM Connection Info: [<NONE>].
MANAGER> PETL_24004 [2024-06-28 01:01:46.835] Starting pre-session tasks. : (Fri Jun 28 01:01:46 2024)
PRE-SESS> PETL_24091 [2024-06-28 01:01:46.836] Thread [PRE-SESS] has the ID [4].
MANAGER> PETL_24027 [2024-06-28 01:01:46.838] Pre-session task completed successfully. : (Fri Jun 28 01:01:46 2024)
DIRECTOR> PETL_24006 [2024-06-28 01:01:46.838] Starting data movement.
DIRECTOR> TT_11183 [2024-06-28 01:01:46.838] Enabled using [1 (auto)] additional concurrent pipelines to build lookup caches. (Session likely will build or refresh [1] lookup caches; [0] on-demand only).
MAPPING> TM_6660 [2024-06-28 01:01:46.840] Total Buffer Pool size is 11367184 bytes and Block size is 629288 bytes.
LKPDP_1> PETL_24091 [2024-06-28 01:01:46.848] Thread [LKPDP_1] has the ID [5].
LKPDP_1> DBG_21097 [2024-06-28 01:01:46.850] Lookup Transformation [Lookup]: Default sql to create lookup cache: SELECT Prod_Name,Prod_Desc,Prod_Price,Prod_ID FROM "fstm4db"."Phones" ORDER BY Prod_ID

LKPDP_1> TE_7212 [2024-06-28 01:01:46.856] Increasing [Index Cache] size for transformation [Lookup] from [132536183] to [132538000].
LKPDP_1> TE_7212 [2024-06-28 01:01:46.856] Increasing [Data Cache] size for transformation [Lookup] from [265072366] to [265076736].
DIRECTOR> TT_11184 [2024-06-28 01:01:46.871] Starting additional concurrent pipeline to build the lookup cache needed by Lookup transformation [Lookup].
LKPDP_1> TM_6660 [2024-06-28 01:01:46.872] Total Buffer Pool size is 609824 bytes and Block size is 65536 bytes.
READER_1_1_1> PETL_24091 [2024-06-28 01:01:46.872] Thread [READER_1_1_1] has the ID [6].
READER_1_1_1> DBG_21438 [2024-06-28 01:01:46.873] Reader: Source is [odbc://dbtype=MySQL;host=db4free.net;port=3306;database=fstm4db], Type [ODBC], User [fstm4db]
LKPDP_1:READER_1_1> PETL_24091 [2024-06-28 01:01:46.873] Thread [LKPDP_1:READER_1_1] has the ID [7].
LKPDP_1:READER_1_1> DBG_21438 [2024-06-28 01:01:46.873] Reader: Source is [odbc://dbtype=MySQL;host=db4free.net;port=3306;database=fstm4db], Type [ODBC], User [fstm4db]
READER_1_1_1> BLKR_16051 [2024-06-28 01:01:46.874] Source database connection [Conn_012MMN0B000000000002] code page: [UTF-8 encoding of Unicode]
READER_1_1_1> CMN_1021 [2024-06-28 01:01:46.874] Database driver event...
CMN_1021 [Driver Manager used is [UnixODBC 2.3.4].]

LKPDP_1:READER_1_1> BLKR_16051 [2024-06-28 01:01:46.874] Source database connection [Conn_012MMN0B000000000002] code page: [UTF-8 encoding of Unicode]
LKPDP_1:READER_1_1> CMN_1021 [2024-06-28 01:01:46.874] Database driver event...
CMN_1021 [Driver Manager used is [UnixODBC 2.3.4].]

READER_1_1_1> CMN_1021 [2024-06-28 01:01:49.550] Database driver event...
CMN_1021 [ODBC Event Using array fetches.
ODBC Event Using Single Row Inserts. connect string = [Driver=MySQL ODBC 8.0 Unicode Driver;Server=db4free.net;Database=fstm4db;Port=3306;USER=fstm4db;NO_SSPS=1;stmt=set time_zone = '+00:00';Charset=UTF8;OPTION=3;SSLMODE=DISABLED]. userid = [fstm4db]
ODBC Version:	03.52
.
DBMS Name:	MySQL
.
DBMS Version:	8.3.0
.
Driver Name:	libmyodbc8w.so
.
Driver Version:	08.00.0012
.
Driver ODBC Version:	03.80
.
MySQL rewrite batch optimization is disabled with maximum bind parameter size set to 2500.]

READER_1_1_1> BLKR_16003 [2024-06-28 01:01:49.550] Initialization completed successfully.
TRANSF_1_1_1> PETL_24091 [2024-06-28 01:01:49.551] Thread [TRANSF_1_1_1] has the ID [8].
WRITER_1_*_1> PETL_24091 [2024-06-28 01:01:49.552] Thread [WRITER_1_*_1] has the ID [9].
WRITER_1_*_1> WRT_8147 [2024-06-28 01:01:49.552] Writer: Target is Database [odbc://dbtype=MySQL;host=db4free.net;port=3306;database=fstm4db], Type [ODBC], User [fstm4db], Bulk Mode [OFF]
WRITER_1_*_1> CMN_1021 [2024-06-28 01:01:49.552] Database driver event...
CMN_1021 [Driver Manager used is [UnixODBC 2.3.4].]

LKPDP_1:READER_1_1> CMN_1021 [2024-06-28 01:01:51.694] Database driver event...
CMN_1021 [ODBC Event Using array fetches.
ODBC Event Using Single Row Inserts. connect string = [Driver=MySQL ODBC 8.0 Unicode Driver;Server=db4free.net;Database=fstm4db;Port=3306;USER=fstm4db;NO_SSPS=1;stmt=set time_zone = '+00:00';Charset=UTF8;OPTION=3;SSLMODE=DISABLED]. userid = [fstm4db]
ODBC Version:	03.52
.
DBMS Name:	MySQL
.
DBMS Version:	8.3.0
.
Driver Name:	libmyodbc8w.so
.
Driver Version:	08.00.0012
.
Driver ODBC Version:	03.80
.
MySQL rewrite batch optimization is disabled with maximum bind parameter size set to 2500.]

LKPDP_1:READER_1_1> BLKR_16003 [2024-06-28 01:01:51.694] Initialization completed successfully.
LKPDP_1:TRANSF_1_1> PETL_24091 [2024-06-28 01:01:51.695] Thread [LKPDP_1:TRANSF_1_1] has the ID [10].
LKPDP_1:READER_1_1> BLKR_16007 [2024-06-28 01:01:51.695] Reader run started.
LKPDP_1:READER_1_1> RR_4049 [2024-06-28 01:01:51.695] SQL Query issued to database : (Fri Jun 28 01:01:51 2024)
LKPDP_1:READER_1_1> RR_4050 [2024-06-28 01:01:51.992] First row returned from database to reader : (Fri Jun 28 01:01:51 2024)
LKPDP_1:TRANSF_1_1> DBG_21079 [2024-06-28 01:01:51.992] Creating Lookup Cache : (Fri Jun 28 01:01:51 2024)
LKPDP_1:READER_1_1> BLKR_16008 [2024-06-28 01:01:51.993] Reader run completed.
LKPDP_1:TRANSF_1_1> DBG_21682 [2024-06-28 01:01:51.994] Lookup table row count : 100
LKPDP_1:TRANSF_1_1> DBG_21297 [2024-06-28 01:01:51.994] Lookup cache row count : 100

LKPDP_1:TRANSF_1_1> DBG_21294 [2024-06-28 01:01:51.994] Lookup cache creation completed : (Fri Jun 28 01:01:51 2024)
LKPDP_1:TRANSF_1_1> CMN_1671 [2024-06-28 01:01:51.994] Created new cache files PMLKUP762087774_4_0L64.[dat/idx] in directory /data2/home/cldagnt/SystemAgent/apps/Data_Integration_Server/data/012MMN0E00000000005O/012MMN/cache for Lookup [Lookup].
LKPDP_1:TRANSF_1_1> DBG_21641 [2024-06-28 01:01:51.994] Lookup: Index cache size = [132538000], Data cache size = [265076736]
LKPDP_1:TRANSF_1_1> DBG_21216 [2024-06-28 01:01:51.994] Finished transformations for Source Qualifier [Lookup{{DSQ}}]. Total errors [0] 
DIRECTOR> TT_11185 [2024-06-28 01:01:52.290] No more lookup cache to build by additional concurrent pipeline in the current concurrent source set.
WRITER_1_*_1> CMN_1021 [2024-06-28 01:01:53.735] Database driver event...
CMN_1021 [ODBC Event Using array fetches.
ODBC Event Using Single Row Inserts. connect string = [Driver=MySQL ODBC 8.0 Unicode Driver;Server=db4free.net;Database=fstm4db;Port=3306;USER=fstm4db;NO_SSPS=1;stmt=set time_zone = '+00:00';Charset=UTF8;OPTION=3;SSLMODE=DISABLED]. userid = [fstm4db]
ODBC Version:	03.52
.
DBMS Name:	MySQL
.
DBMS Version:	8.3.0
.
Driver Name:	libmyodbc8w.so
.
Driver Version:	08.00.0012
.
Driver ODBC Version:	03.80
.
MySQL rewrite batch optimization is disabled with maximum bind parameter size set to 2500.]

WRITER_1_*_1> WRT_8221 [2024-06-28 01:01:54.319] Target database connection [Conn_012MMN0B000000000002] code page: [UTF-8 encoding of Unicode]
WRITER_1_*_1> WRT_8124 [2024-06-28 01:01:54.321] Target Table Amitav_lookup :SQL INSERT statement:
INSERT INTO fstm4db.Amitav_lookup(RANKINDEX,src_Transaction_Id,src_Prod_ID,src_Units,Prod_ID,Prod_Name,Prod_Desc,Prod_Price)  VALUES ( ?, ?, ?, ?, ?, ?, ?, ?) 
WRITER_1_*_1> WRT_8124 [2024-06-28 01:01:54.321] Target Table Amitav_lookup :SQL UPDATE statement:
UPDATE fstm4db.Amitav_lookup SET RANKINDEX = ?, src_Transaction_Id = ?, src_Prod_ID = ?, src_Units = ?, Prod_Name = ?, Prod_Desc = ?, Prod_Price = ? WHERE Prod_ID = ?
WRITER_1_*_1> WRT_8124 [2024-06-28 01:01:54.321] Target Table Amitav_lookup :SQL DELETE statement:
DELETE FROM fstm4db.Amitav_lookup WHERE Prod_ID = ?
WRITER_1_*_1> WRT_8270 [2024-06-28 01:01:54.321] Target connection group #1 consists of target(s) [Amitav_lookup]
WRITER_1_*_1> WRT_8003 [2024-06-28 01:01:54.321] Writer initialization complete.
READER_1_1_1> BLKR_16007 [2024-06-28 01:01:54.321] Reader run started.
WRITER_1_*_1> WRT_8005 [2024-06-28 01:01:54.321] Writer run started.
WRITER_1_*_1> WRT_8158 [2024-06-28 01:01:54.321] 

*****START LOAD SESSION*****

Load Start Time: Fri Jun 28 01:01:54 2024

Target tables:

     Amitav_lookup


READER_1_1_1> RR_4010 [2024-06-28 01:01:54.322] SQ instance [Source] SQL Query [SELECT fstm4db.Phone_Sales_Record.Transaction_Id, fstm4db.Phone_Sales_Record.Prod_ID, fstm4db.Phone_Sales_Record.Units FROM fstm4db.Phone_Sales_Record]
READER_1_1_1> RR_4049 [2024-06-28 01:01:54.322] SQL Query issued to database : (Fri Jun 28 01:01:54 2024)
READER_1_1_1> RR_4050 [2024-06-28 01:01:54.619] First row returned from database to reader : (Fri Jun 28 01:01:54 2024)
READER_1_1_1> BLKR_16019 [2024-06-28 01:01:54.619] Read [50] rows, read [0] error rows for source table [Phone_Sales_Record] instance name [Phone_Sales_Record]
READER_1_1_1> BLKR_16008 [2024-06-28 01:01:54.619] Reader run completed.
TRANSF_1_1_1> TE_7032 [2024-06-28 01:01:54.623] The B-Tree being managed in files
/data2/home/cldagnt/SystemAgent/apps/Data_Integration_Server/data/012MMN0E00000000005O/012MMN/cache/PMAGG762087774_5_0.dat for Data and

/data2/home/cldagnt/SystemAgent/apps/Data_Integration_Server/data/012MMN0E00000000005O/012MMN/cache/PMAGG762087774_5_0.idx for Index has:
	Index Size:	1
	Row Size:	31256
	Order:		100
	Minimum Order:	50
	Height:		1
	Entries:	1
	IndexPageSize:	1296
	IndexPages:	810
	DataPageSize:	31744
	DataPages:	67

TRANSF_1_1_1> DBG_21216 [2024-06-28 01:01:54.623] Finished transformations for Source Qualifier [Source]. Total errors [0] 
WRITER_1_*_1> WRT_8167 [2024-06-28 01:01:54.623] Start loading table [Amitav_lookup] at: Fri Jun 28 01:01:54 2024
WRITER_1_*_1> WRT_8168 [2024-06-28 01:01:57.704] End loading table [Amitav_lookup] at: Fri Jun 28 01:01:57 2024
WRITER_1_*_1> WRT_8141 [2024-06-28 01:01:58.148] 
Commit on end-of-data  Fri Jun 28 01:01:57 2024
===================================================

WRT_8036 Target: Amitav_lookup (Instance Name: [Amitav_lookup])
WRT_8038 Inserted rows - Requested: 10         Applied: 10         Rejected: 0          Affected: 10        

WRITER_1_*_1> WRT_8035 [2024-06-28 01:01:58.148] Load complete time: Fri Jun 28 01:01:57 2024

LOAD SUMMARY
============

WRT_8036 Target: Amitav_lookup (Instance Name: [Amitav_lookup])
WRT_8038 Inserted rows - Requested: 10         Applied: 10         Rejected: 0          Affected: 10        


WRITER_1_*_1> WRT_8043 [2024-06-28 01:01:58.148] *****END LOAD SESSION*****
WRITER_1_*_1> WRT_8006 [2024-06-28 01:01:58.444] Writer run completed.
MANAGER> PETL_24031 [2024-06-28 01:01:58.446] 
***** RUN INFO FOR TGT LOAD ORDER GROUP [1], CONCURRENT SET [1] *****
Thread [READER_1_1_1] created for [the read stage] of partition point [Source] has completed.
	Total Run Time = [0.593542] secs
	Total Idle Time = [0.000000] secs
	Busy Percentage = [100.000000]
Thread [TRANSF_1_1_1] created for [the transformation stage] of partition point [Source] has completed. The total run time was insufficient for any meaningful statistics.
Thread [WRITER_1_*_1] created for [the write stage] of partition point [Amitav_lookup] has completed.
	Total Run Time = [3.820855] secs
	Total Idle Time = [0.000000] secs
	Busy Percentage = [100.000000]

MAPPING> CMN_1793 [2024-06-28 01:01:58.447] The index cache size that would hold [100] rows in the lookup table for [Lookup], in memory, is [8400] bytes
MAPPING> CMN_1792 [2024-06-28 01:01:58.447] The data cache size that would hold [100] rows in the lookup table for [Lookup], in memory, is [417792] bytes
MAPPING> CMN_1791 [2024-06-28 01:01:58.447] The index cache size that would hold [1] aggregate groups of input rows for [Rank], in memory, is [1296] bytes
MAPPING> CMN_1790 [2024-06-28 01:01:58.448] The data cache size that would hold [1] aggregate groups of input rows for [Rank], in memory, is [31744] bytes
MANAGER> PETL_24005 [2024-06-28 01:01:58.449] Starting post-session tasks. : (Fri Jun 28 01:01:58 2024)
POST-SESS> PETL_24091 [2024-06-28 01:01:58.450] Thread [POST-SESS] has the ID [11].
MANAGER> PETL_24029 [2024-06-28 01:01:58.451] Post-session task completed successfully. : (Fri Jun 28 01:01:58 2024)
MAPPING> TE_7216 [2024-06-28 01:01:58.453] Deleting cache files [PMLKUP762087774_4_0L64] for transformation [Lookup].
MAPPING> TM_6018 [2024-06-28 01:01:58.453] The session completed with [0] row transformation errors. 
MANAGER> TE_7216 [2024-06-28 01:01:58.454] Deleting cache files [/data2/home/cldagnt/SystemAgent/apps/Data_Integration_Server/data/012MMN0E00000000005O/012MMN/cache/PMAGG762087774_5_0.idx] for transformation [Rank].
MANAGER> TE_7216 [2024-06-28 01:01:58.454] Deleting cache files [/data2/home/cldagnt/SystemAgent/apps/Data_Integration_Server/data/012MMN0E00000000005O/012MMN/cache/PMAGG762087774_5_0.dat] for transformation [Rank].
MANAGER> PETL_24002 [2024-06-28 01:01:59.161] Parallel Pipeline Engine finished.
DIRECTOR> PETL_24012 [2024-06-28 01:01:59.161] Session run completed successfully.
DIRECTOR> TM_6022 [2024-06-28 01:01:59.161] 

SESSION LOAD SUMMARY
================================================

DIRECTOR> TM_6252 [2024-06-28 01:01:59.161] Source Load Summary.
DIRECTOR> CMN_1740 [2024-06-28 01:01:59.161] Table: [Source] (Instance Name: [Source] Instance UI Name: [Source])
	 Output Rows [50], Affected Rows [50], Applied Rows [50], Rejected Rows [0]
DIRECTOR> TM_6253 [2024-06-28 01:01:59.161] Target Load Summary.
DIRECTOR> CMN_1740 [2024-06-28 01:01:59.161] Table: [Amitav_lookup] (Instance Name: [Amitav_lookup] Instance UI Name: [Target])
	 Output Rows [10], Affected Rows [10], Applied Rows [10], Rejected Rows [0]
DIRECTOR> TM_6023 [2024-06-28 01:01:59.161] 
===================================================

DIRECTOR> TM_6020 [2024-06-28 01:01:59.161] Session [s_mtt_012MMN0Z000000000004] completed at [Fri Jun 28 01:01:59 2024].
