Agent Group Id: 025000000000002
Agent Group Name: Informatica Cloud Hosted Agent
Agent Id: 00800000000005H
Task Name: Mapping1
Task Type: MTT_TEST
Task Id: 012MMN0Z000000000003
Run Id: 1
Service Id: 1530328
Started By: kumar.amitav1@ibm.com
Run Context Type: ICS_UI
06/28/2024 00:27:13 **** Importing Connection: Conn_012MMN0B000000000002 ...
06/28/2024 00:27:13 **** Importing Source Definition: Phones ...
06/28/2024 00:27:13 **** Importing Target Definition: Amitav_Sony_Phones ...
06/28/2024 00:27:13 **** Importing SessionConfig: default_session_config ...
    <Warning> :  The Error Log DB Connection value should have Relational: as the prefix.
    <Warning> :  Invalid value  for attribute Error Log DB Connection. Will use the default value 
    Validating Source Definition  Phones...
    Validating Target Definition  Amitav_Sony_Phones...
06/28/2024 00:27:13 **** Importing Mapping: Mapping0 ...
    <Warning> :  transformation: Source - Invalid value  for attribute Output is repeatable. Will use the default value Never    [transformation< Source > ] 
Validating transformations of mapping Mapping0...
Validating mapping variable(s).
06/28/2024 00:27:13 **** Importing Workflow: wf_mtt_012MMN0Z000000000003 ...
    <Warning> :  Invalid value None for attribute Pushdown Optimization Context. Will use the default value None     [Session< s_mtt_012MMN0Z000000000003 > ] 
    <Warning> :  The value entered is not a valid integer.
    <Warning> :  Invalid value NO for attribute Fail task after wait time. Will use the default value 
Successfully extracted session instance [s_mtt_012MMN0Z000000000003].  Starting repository sequence id is [730967928]
DIRECTOR> VAR_27085 [2024-06-28 00:27:13.762] Parameter file [/data2/home/cldagnt/SystemAgent/apps/Data_Integration_Server/data/012MMN0E00000000005N/012MMN/parameters/s_mtt_012MMN0Z000000000003.param] is opened for [session [wf_mtt_012MMN0Z000000000003.s_mtt_012MMN0Z000000000003]].
DIRECTOR> VAR_27062 [2024-06-28 00:27:13.763] Warning! Cannot find section for worklet [wf_mtt_012MMN0Z000000000003] and folder [] in parameter file [/data2/home/cldagnt/SystemAgent/apps/Data_Integration_Server/data/012MMN0E00000000005N/012MMN/parameters/s_mtt_012MMN0Z000000000003.param].
DIRECTOR> TM_6014 [2024-06-28 00:27:13.763] Initializing session [s_mtt_012MMN0Z000000000003] at [Fri Jun 28 00:27:13 2024].
DIRECTOR> TM_6683 [2024-06-28 00:27:13.763] Repository Name: [XMLRepository]
DIRECTOR> TM_6684 [2024-06-28 00:27:13.763] Server Name: [rDTM]
DIRECTOR> TM_6686 [2024-06-28 00:27:13.763] Folder: []
DIRECTOR> TM_6685 [2024-06-28 00:27:13.763] Workflow: [wf_mtt_012MMN0Z000000000003] Run Instance Name: [] Run Id: [0]
DIRECTOR> TM_6992 [2024-06-28 00:27:13.763] Operating System Type [Linux]
DIRECTOR> TM_6101 [2024-06-28 00:27:13.763] Mapping name: Mapping0.
DIRECTOR> TM_6964 [2024-06-28 00:27:13.763] Date format for the Session is [MM/DD/YYYY HH24:MI:SS.US]
DIRECTOR> TM_6703 [2024-06-28 00:27:13.764] Session [s_mtt_012MMN0Z000000000003] is run by 64-bit Integration Service  [], version [10.2.0 HotFix2], build [0320].
MANAGER> PETL_24091 [2024-06-28 00:27:13.776] Thread [MANAGER] has the ID [1].
MANAGER> PETL_24058 [2024-06-28 00:27:13.776] Running Partition Group [1].
MANAGER> PETL_24000 [2024-06-28 00:27:13.776] Parallel Pipeline Engine initializing.
MONITOR> PETL_24091 [2024-06-28 00:27:13.776] Thread [MONITOR] has the ID [2].
MANAGER> PETL_24001 [2024-06-28 00:27:13.777] Parallel Pipeline Engine running.
MANAGER> PETL_24003 [2024-06-28 00:27:13.777] Initializing session run.
MAPPING> PETL_24091 [2024-06-28 00:27:13.777] Thread [MAPPING] has the ID [3].
MAPPING> CMN_1569 [2024-06-28 00:27:13.779] Server Mode: [UNICODE]
MAPPING> CMN_1570 [2024-06-28 00:27:13.779] Server Code page: [ISO 8859-1 Western European]
MAPPING> TM_6151 [2024-06-28 00:27:13.779] The session sort order is [Binary].
MAPPING> TM_6185 [2024-06-28 00:27:13.779] Warning. Code page validation is disabled in this session.
MAPPING> CMN_65110 [2024-06-28 00:27:13.779] Current Timezone:[UTC -5:0]
MAPPING> CMN_65111 [2024-06-28 00:27:13.779] Current Process ID:[153698]
MAPPING> TM_6155 [2024-06-28 00:27:13.779] Using HIGH precision processing.
MAPPING> TM_6180 [2024-06-28 00:27:13.779] Deadlock retry logic will not be implemented.
MAPPING> TM_6187 [2024-06-28 00:27:13.779] Session target-based commit interval is [10000].
MAPPING> TM_6307 [2024-06-28 00:27:13.780] DTM error log disabled. 
MAPPING> TE_7022 [2024-06-28 00:27:13.780] TShmWriter: Initialized
MAPPING> DBG_21694 [2024-06-28 00:27:13.782] Rank Partition [0]: Index cache size = [1000000], Data cache size = [2000000]
MAPPING> TE_7212 [2024-06-28 00:27:13.782] Increasing [Index Cache] size for transformation [Rank] from [1000000] to [1049760].
MAPPING> TE_7212 [2024-06-28 00:27:13.782] Increasing [Data Cache] size for transformation [Rank] from [2000000] to [2110976].
MAPPING> TE_7029 [2024-06-28 00:27:13.782] Aggregate Information: Creating New Index and Data Files
MAPPING> TE_7034 [2024-06-28 00:27:13.782] Aggregate Information: Index file is [/data2/home/cldagnt/SystemAgent/apps/Data_Integration_Server/data/012MMN0E00000000005N/012MMN/cache/PMAGG730967958_5_0.idx]
MAPPING> TE_7035 [2024-06-28 00:27:13.782] Aggregate Information: Data file is [/data2/home/cldagnt/SystemAgent/apps/Data_Integration_Server/data/012MMN0E00000000005N/012MMN/cache/PMAGG730967958_5_0.dat]
MAPPING> TM_6007 [2024-06-28 00:27:13.783] DTM initialized successfully for session [s_mtt_012MMN0Z000000000003]
DIRECTOR> PETL_24033 [2024-06-28 00:27:13.801] All DTM Connection Info: [<NONE>].
MANAGER> PETL_24004 [2024-06-28 00:27:13.801] Starting pre-session tasks. : (Fri Jun 28 00:27:13 2024)
PRE-SESS> PETL_24091 [2024-06-28 00:27:13.801] Thread [PRE-SESS] has the ID [4].
MANAGER> PETL_24027 [2024-06-28 00:27:13.802] Pre-session task completed successfully. : (Fri Jun 28 00:27:13 2024)
DIRECTOR> PETL_24006 [2024-06-28 00:27:13.802] Starting data movement.
MAPPING> TM_6660 [2024-06-28 00:27:13.804] Total Buffer Pool size is 11280640 bytes and Block size is 624480 bytes.
READER_1_1_1> PETL_24091 [2024-06-28 00:27:13.805] Thread [READER_1_1_1] has the ID [5].
READER_1_1_1> DBG_21438 [2024-06-28 00:27:13.806] Reader: Source is [odbc://dbtype=MySQL;host=db4free.net;port=3306;database=fstm4db], Type [ODBC], User [fstm4db]
READER_1_1_1> BLKR_16051 [2024-06-28 00:27:13.808] Source database connection [Conn_012MMN0B000000000002] code page: [UTF-8 encoding of Unicode]
READER_1_1_1> CMN_1021 [2024-06-28 00:27:13.808] Database driver event...
CMN_1021 [Driver Manager used is [UnixODBC 2.3.4].]

READER_1_1_1> CMN_1021 [2024-06-28 00:27:16.471] Database driver event...
CMN_1021 [ODBC Event Using array fetches.
ODBC Event Using Single Row Inserts. connect string = [Driver=MySQL ODBC 8.0 Unicode Driver;Server=db4free.net;Database=fstm4db;Port=3306;USER=fstm4db;NO_SSPS=1;stmt=set time_zone = '+00:00';Charset=UTF8;OPTION=3;SSLMODE=DISABLED]. userid = [fstm4db]
ODBC Version:	03.52
.
DBMS Name:	MySQL
.
DBMS Version:	8.3.0
.
Driver Name:	libmyodbc8w.so
.
Driver Version:	08.00.0012
.
Driver ODBC Version:	03.80
.
MySQL rewrite batch optimization is disabled with maximum bind parameter size set to 2500.]

READER_1_1_1> BLKR_16003 [2024-06-28 00:27:16.471] Initialization completed successfully.
TRANSF_1_1_1> PETL_24091 [2024-06-28 00:27:16.472] Thread [TRANSF_1_1_1] has the ID [6].
WRITER_1_*_1> PETL_24091 [2024-06-28 00:27:16.472] Thread [WRITER_1_*_1] has the ID [7].
WRITER_1_*_1> WRT_8147 [2024-06-28 00:27:16.473] Writer: Target is Database [odbc://dbtype=MySQL;host=db4free.net;port=3306;database=fstm4db], Type [ODBC], User [fstm4db], Bulk Mode [OFF]
WRITER_1_*_1> CMN_1021 [2024-06-28 00:27:16.473] Database driver event...
CMN_1021 [Driver Manager used is [UnixODBC 2.3.4].]

WRITER_1_*_1> CMN_1021 [2024-06-28 00:27:19.214] Database driver event...
CMN_1021 [ODBC Event Using array fetches.
ODBC Event Using Single Row Inserts. connect string = [Driver=MySQL ODBC 8.0 Unicode Driver;Server=db4free.net;Database=fstm4db;Port=3306;USER=fstm4db;NO_SSPS=1;stmt=set time_zone = '+00:00';Charset=UTF8;OPTION=3;SSLMODE=DISABLED]. userid = [fstm4db]
ODBC Version:	03.52
.
DBMS Name:	MySQL
.
DBMS Version:	8.3.0
.
Driver Name:	libmyodbc8w.so
.
Driver Version:	08.00.0012
.
Driver ODBC Version:	03.80
.
MySQL rewrite batch optimization is disabled with maximum bind parameter size set to 2500.]

WRITER_1_*_1> WRT_8221 [2024-06-28 00:27:19.807] Target database connection [Conn_012MMN0B000000000002] code page: [UTF-8 encoding of Unicode]
WRITER_1_*_1> WRT_8124 [2024-06-28 00:27:19.808] Target Table Amitav_Sony_Phones :SQL INSERT statement:
INSERT INTO fstm4db.Amitav_Sony_Phones(Prod_ID,Prod_Name,Prod_Price)  VALUES ( ?, ?, ?) 
WRITER_1_*_1> WRT_8124 [2024-06-28 00:27:19.808] Target Table Amitav_Sony_Phones :SQL UPDATE statement:
UPDATE fstm4db.Amitav_Sony_Phones SET Prod_Name = ?, Prod_Price = ? WHERE Prod_ID = ?
WRITER_1_*_1> WRT_8124 [2024-06-28 00:27:19.808] Target Table Amitav_Sony_Phones :SQL DELETE statement:
DELETE FROM fstm4db.Amitav_Sony_Phones WHERE Prod_ID = ?
WRITER_1_*_1> WRT_8270 [2024-06-28 00:27:19.808] Target connection group #1 consists of target(s) [Amitav_Sony_Phones]
WRITER_1_*_1> WRT_8003 [2024-06-28 00:27:19.808] Writer initialization complete.
READER_1_1_1> BLKR_16007 [2024-06-28 00:27:19.808] Reader run started.
WRITER_1_*_1> WRT_8005 [2024-06-28 00:27:19.808] Writer run started.
WRITER_1_*_1> WRT_8158 [2024-06-28 00:27:19.808] 

*****START LOAD SESSION*****

Load Start Time: Fri Jun 28 00:27:19 2024

Target tables:

     Amitav_Sony_Phones


READER_1_1_1> RR_4010 [2024-06-28 00:27:19.808] SQ instance [Source] SQL Query [SELECT fstm4db.Phones.Prod_ID, fstm4db.Phones.Prod_Name, fstm4db.Phones.Prod_Desc, fstm4db.Phones.Prod_Price FROM fstm4db.Phones]
READER_1_1_1> RR_4049 [2024-06-28 00:27:19.808] SQL Query issued to database : (Fri Jun 28 00:27:19 2024)
READER_1_1_1> RR_4050 [2024-06-28 00:27:20.105] First row returned from database to reader : (Fri Jun 28 00:27:20 2024)
READER_1_1_1> BLKR_16019 [2024-06-28 00:27:20.105] Read [100] rows, read [0] error rows for source table [Phones] instance name [Phones]
READER_1_1_1> BLKR_16008 [2024-06-28 00:27:20.105] Reader run completed.
TRANSF_1_1_1> TE_7032 [2024-06-28 00:27:20.111] The B-Tree being managed in files
/data2/home/cldagnt/SystemAgent/apps/Data_Integration_Server/data/012MMN0E00000000005N/012MMN/cache/PMAGG730967958_5_0.dat for Data and

/data2/home/cldagnt/SystemAgent/apps/Data_Integration_Server/data/012MMN0E00000000005N/012MMN/cache/PMAGG730967958_5_0.idx for Index has:
	Index Size:	1
	Row Size:	15656
	Order:		100
	Minimum Order:	50
	Height:		1
	Entries:	1
	IndexPageSize:	1296
	IndexPages:	810
	DataPageSize:	15872
	DataPages:	133

WRITER_1_*_1> WRT_8167 [2024-06-28 00:27:20.111] Start loading table [Amitav_Sony_Phones] at: Fri Jun 28 00:27:19 2024
TRANSF_1_1_1> DBG_21216 [2024-06-28 00:27:20.111] Finished transformations for Source Qualifier [Source]. Total errors [0] 
WRITER_1_*_1> WRT_8168 [2024-06-28 00:27:23.803] End loading table [Amitav_Sony_Phones] at: Fri Jun 28 00:27:23 2024
WRITER_1_*_1> WRT_8141 [2024-06-28 00:27:24.393] 
Commit on end-of-data  Fri Jun 28 00:27:23 2024
===================================================

WRT_8036 Target: Amitav_Sony_Phones (Instance Name: [Amitav_Sony_Phones])
WRT_8038 Inserted rows - Requested: 10         Applied: 10         Rejected: 0          Affected: 10        

WRITER_1_*_1> WRT_8035 [2024-06-28 00:27:24.393] Load complete time: Fri Jun 28 00:27:23 2024

LOAD SUMMARY
============

WRT_8036 Target: Amitav_Sony_Phones (Instance Name: [Amitav_Sony_Phones])
WRT_8038 Inserted rows - Requested: 10         Applied: 10         Rejected: 0          Affected: 10        


WRITER_1_*_1> WRT_8043 [2024-06-28 00:27:24.393] *****END LOAD SESSION*****
WRITER_1_*_1> WRT_8006 [2024-06-28 00:27:24.693] Writer run completed.
MANAGER> PETL_24031 [2024-06-28 00:27:24.694] 
***** RUN INFO FOR TGT LOAD ORDER GROUP [1], CONCURRENT SET [1] *****
Thread [READER_1_1_1] created for [the read stage] of partition point [Source] has completed.
	Total Run Time = [0.592204] secs
	Total Idle Time = [0.000000] secs
	Busy Percentage = [100.000000]
Thread [TRANSF_1_1_1] created for [the transformation stage] of partition point [Source] has completed. The total run time was insufficient for any meaningful statistics.
Thread [WRITER_1_*_1] created for [the write stage] of partition point [Amitav_Sony_Phones] has completed.
	Total Run Time = [4.581442] secs
	Total Idle Time = [0.000000] secs
	Busy Percentage = [100.000000]

MAPPING> CMN_1791 [2024-06-28 00:27:24.694] The index cache size that would hold [1] aggregate groups of input rows for [Rank], in memory, is [1296] bytes
MAPPING> CMN_1790 [2024-06-28 00:27:24.694] The data cache size that would hold [1] aggregate groups of input rows for [Rank], in memory, is [15872] bytes
MANAGER> PETL_24005 [2024-06-28 00:27:24.695] Starting post-session tasks. : (Fri Jun 28 00:27:24 2024)
POST-SESS> PETL_24091 [2024-06-28 00:27:24.695] Thread [POST-SESS] has the ID [8].
MANAGER> PETL_24029 [2024-06-28 00:27:24.695] Post-session task completed successfully. : (Fri Jun 28 00:27:24 2024)
MAPPING> TM_6018 [2024-06-28 00:27:24.696] The session completed with [0] row transformation errors. 
MANAGER> TE_7216 [2024-06-28 00:27:24.696] Deleting cache files [/data2/home/cldagnt/SystemAgent/apps/Data_Integration_Server/data/012MMN0E00000000005N/012MMN/cache/PMAGG730967958_5_0.idx] for transformation [Rank].
MANAGER> TE_7216 [2024-06-28 00:27:24.696] Deleting cache files [/data2/home/cldagnt/SystemAgent/apps/Data_Integration_Server/data/012MMN0E00000000005N/012MMN/cache/PMAGG730967958_5_0.dat] for transformation [Rank].
MANAGER> PETL_24002 [2024-06-28 00:27:25.633] Parallel Pipeline Engine finished.
DIRECTOR> PETL_24012 [2024-06-28 00:27:25.633] Session run completed successfully.
DIRECTOR> TM_6022 [2024-06-28 00:27:25.633] 

SESSION LOAD SUMMARY
================================================

DIRECTOR> TM_6252 [2024-06-28 00:27:25.633] Source Load Summary.
DIRECTOR> CMN_1740 [2024-06-28 00:27:25.633] Table: [Source] (Instance Name: [Source] Instance UI Name: [Source])
	 Output Rows [100], Affected Rows [100], Applied Rows [100], Rejected Rows [0]
DIRECTOR> TM_6253 [2024-06-28 00:27:25.633] Target Load Summary.
DIRECTOR> CMN_1740 [2024-06-28 00:27:25.633] Table: [Amitav_Sony_Phones] (Instance Name: [Amitav_Sony_Phones] Instance UI Name: [Target])
	 Output Rows [10], Affected Rows [10], Applied Rows [10], Rejected Rows [0]
DIRECTOR> TM_6023 [2024-06-28 00:27:25.634] 
===================================================

DIRECTOR> TM_6020 [2024-06-28 00:27:25.634] Session [s_mtt_012MMN0Z000000000003] completed at [Fri Jun 28 00:27:25 2024].
