Agent Group Id: 025000000000002
Agent Group Name: Informatica Cloud Hosted Agent
Agent Id: 00800000000005H
Task Name: Simple_Mapping
Task Type: MTT_TEST
Task Id: 012MMN0Z000000000002
Run Id: 2
Service Id: 1530328
Started By: kumar.amitav1@ibm.com
Run Context Type: ICS_UI
06/27/2024 01:26:53 **** Importing Connection: Conn_012MMN0B000000000002 ...
06/27/2024 01:26:53 **** Importing Source Definition: Phones ...
06/27/2024 01:26:53 **** Importing Target Definition: Budget_Phones ...
06/27/2024 01:26:53 **** Importing Target Definition: Midrange_Phones ...
06/27/2024 01:26:53 **** Importing Target Definition: Luxury_Phones ...
06/27/2024 01:26:53 **** Importing SessionConfig: default_session_config ...
    <Warning> :  The Error Log DB Connection value should have Relational: as the prefix.
    <Warning> :  Invalid value  for attribute Error Log DB Connection. Will use the default value 
    Validating Source Definition  Phones...
    Validating Target Definition  Luxury_Phones...
    Validating Target Definition  Midrange_Phones...
    Validating Target Definition  Budget_Phones...
06/27/2024 01:26:53 **** Importing Mapping: Mapping0 ...
    <Warning> :  transformation: Source - Invalid value  for attribute Output is repeatable. Will use the default value Never    [transformation< Source > ] 
Validating transformations of mapping Mapping0...
Validating mapping variable(s).
06/27/2024 01:26:53 **** Importing Workflow: wf_mtt_012MMN0Z000000000002 ...
    <Warning> :  Invalid value None for attribute Pushdown Optimization Context. Will use the default value None     [Session< s_mtt_012MMN0Z000000000002 > ] 
    <Warning> :  The value entered is not a valid integer.
    <Warning> :  Invalid value NO for attribute Fail task after wait time. Will use the default value 
Successfully extracted session instance [s_mtt_012MMN0Z000000000002].  Starting repository sequence id is [700048121]
DIRECTOR> VAR_27085 [2024-06-27 01:26:53.166] Parameter file [/data2/home/cldagnt/SystemAgent/apps/Data_Integration_Server/data/012MMN0E00000000005M/012MMN/parameters/s_mtt_012MMN0Z000000000002.param] is opened for [session [wf_mtt_012MMN0Z000000000002.s_mtt_012MMN0Z000000000002]].
DIRECTOR> VAR_27062 [2024-06-27 01:26:53.166] Warning! Cannot find section for worklet [wf_mtt_012MMN0Z000000000002] and folder [] in parameter file [/data2/home/cldagnt/SystemAgent/apps/Data_Integration_Server/data/012MMN0E00000000005M/012MMN/parameters/s_mtt_012MMN0Z000000000002.param].
DIRECTOR> TM_6014 [2024-06-27 01:26:53.167] Initializing session [s_mtt_012MMN0Z000000000002] at [Thu Jun 27 01:26:53 2024].
DIRECTOR> TM_6683 [2024-06-27 01:26:53.167] Repository Name: [XMLRepository]
DIRECTOR> TM_6684 [2024-06-27 01:26:53.167] Server Name: [rDTM]
DIRECTOR> TM_6686 [2024-06-27 01:26:53.167] Folder: []
DIRECTOR> TM_6685 [2024-06-27 01:26:53.167] Workflow: [wf_mtt_012MMN0Z000000000002] Run Instance Name: [] Run Id: [0]
DIRECTOR> TM_6992 [2024-06-27 01:26:53.167] Operating System Type [Linux]
DIRECTOR> TM_6101 [2024-06-27 01:26:53.167] Mapping name: Mapping0.
DIRECTOR> TM_6964 [2024-06-27 01:26:53.168] Date format for the Session is [MM/DD/YYYY HH24:MI:SS.US]
DIRECTOR> TM_6703 [2024-06-27 01:26:53.168] Session [s_mtt_012MMN0Z000000000002] is run by 64-bit Integration Service  [], version [10.2.0 HotFix2], build [0320].
MANAGER> PETL_24091 [2024-06-27 01:26:53.183] Thread [MANAGER] has the ID [1].
MANAGER> PETL_24058 [2024-06-27 01:26:53.183] Running Partition Group [1].
MANAGER> PETL_24000 [2024-06-27 01:26:53.184] Parallel Pipeline Engine initializing.
MONITOR> PETL_24091 [2024-06-27 01:26:53.184] Thread [MONITOR] has the ID [2].
MANAGER> PETL_24001 [2024-06-27 01:26:53.185] Parallel Pipeline Engine running.
MANAGER> PETL_24003 [2024-06-27 01:26:53.185] Initializing session run.
MAPPING> PETL_24091 [2024-06-27 01:26:53.187] Thread [MAPPING] has the ID [3].
MAPPING> CMN_1569 [2024-06-27 01:26:53.192] Server Mode: [UNICODE]
MAPPING> CMN_1570 [2024-06-27 01:26:53.192] Server Code page: [ISO 8859-1 Western European]
MAPPING> TM_6151 [2024-06-27 01:26:53.192] The session sort order is [Binary].
MAPPING> TM_6185 [2024-06-27 01:26:53.192] Warning. Code page validation is disabled in this session.
MAPPING> CMN_65110 [2024-06-27 01:26:53.192] Current Timezone:[UTC -5:0]
MAPPING> CMN_65111 [2024-06-27 01:26:53.192] Current Process ID:[68802]
MAPPING> TM_6155 [2024-06-27 01:26:53.192] Using HIGH precision processing.
MAPPING> TM_6180 [2024-06-27 01:26:53.192] Deadlock retry logic will not be implemented.
MAPPING> TM_6187 [2024-06-27 01:26:53.192] Session target-based commit interval is [10000].
MAPPING> TM_6307 [2024-06-27 01:26:53.193] DTM error log disabled. 
MAPPING> TE_7022 [2024-06-27 01:26:53.193] TShmWriter: Initialized
MAPPING> TM_6007 [2024-06-27 01:26:53.197] DTM initialized successfully for session [s_mtt_012MMN0Z000000000002]
DIRECTOR> PETL_24033 [2024-06-27 01:26:53.227] All DTM Connection Info: [<NONE>].
MANAGER> PETL_24004 [2024-06-27 01:26:53.227] Starting pre-session tasks. : (Thu Jun 27 01:26:53 2024)
PRE-SESS> PETL_24091 [2024-06-27 01:26:53.228] Thread [PRE-SESS] has the ID [4].
MANAGER> PETL_24027 [2024-06-27 01:26:53.229] Pre-session task completed successfully. : (Thu Jun 27 01:26:53 2024)
DIRECTOR> PETL_24006 [2024-06-27 01:26:53.229] Starting data movement.
MAPPING> TM_6660 [2024-06-27 01:26:53.234] Total Buffer Pool size is 23810240 bytes and Block size is 624480 bytes.
READER_1_1_1> PETL_24091 [2024-06-27 01:26:53.235] Thread [READER_1_1_1] has the ID [5].
READER_1_1_1> DBG_21438 [2024-06-27 01:26:53.237] Reader: Source is [odbc://dbtype=MySQL;host=db4free.net;port=3306;database=fstm4db], Type [ODBC], User [fstm4db]
READER_1_1_1> BLKR_16051 [2024-06-27 01:26:53.239] Source database connection [Conn_012MMN0B000000000002] code page: [UTF-8 encoding of Unicode]
READER_1_1_1> CMN_1021 [2024-06-27 01:26:53.239] Database driver event...
CMN_1021 [Driver Manager used is [UnixODBC 2.3.4].]

READER_1_1_1> CMN_1021 [2024-06-27 01:26:56.132] Database driver event...
CMN_1021 [ODBC Event Using array fetches.
ODBC Event Using Single Row Inserts. connect string = [Driver=MySQL ODBC 8.0 Unicode Driver;Server=db4free.net;Database=fstm4db;Port=3306;USER=fstm4db;NO_SSPS=1;stmt=set time_zone = '+00:00';Charset=UTF8;OPTION=3;SSLMODE=DISABLED]. userid = [fstm4db]
ODBC Version:	03.52
.
DBMS Name:	MySQL
.
DBMS Version:	8.3.0
.
Driver Name:	libmyodbc8w.so
.
Driver Version:	08.00.0012
.
Driver ODBC Version:	03.80
.
MySQL rewrite batch optimization is disabled with maximum bind parameter size set to 2500.]

READER_1_1_1> BLKR_16003 [2024-06-27 01:26:56.132] Initialization completed successfully.
TRANSF_1_1_1> PETL_24091 [2024-06-27 01:26:56.132] Thread [TRANSF_1_1_1] has the ID [6].
WRITER_1_*_1> PETL_24091 [2024-06-27 01:26:56.133] Thread [WRITER_1_*_1] has the ID [7].
WRITER_1_*_1> WRT_8147 [2024-06-27 01:26:56.133] Writer: Target is Database [odbc://dbtype=MySQL;host=db4free.net;port=3306;database=fstm4db], Type [ODBC], User [fstm4db], Bulk Mode [OFF]
WRITER_1_*_1> CMN_1021 [2024-06-27 01:26:56.134] Database driver event...
CMN_1021 [Driver Manager used is [UnixODBC 2.3.4].]

WRITER_1_*_1> CMN_1021 [2024-06-27 01:27:00.060] Database driver event...
CMN_1021 [ODBC Event Using array fetches.
ODBC Event Using Single Row Inserts. connect string = [Driver=MySQL ODBC 8.0 Unicode Driver;Server=db4free.net;Database=fstm4db;Port=3306;USER=fstm4db;NO_SSPS=1;stmt=set time_zone = '+00:00';Charset=UTF8;OPTION=3;SSLMODE=DISABLED]. userid = [fstm4db]
ODBC Version:	03.52
.
DBMS Name:	MySQL
.
DBMS Version:	8.3.0
.
Driver Name:	libmyodbc8w.so
.
Driver Version:	08.00.0012
.
Driver ODBC Version:	03.80
.
MySQL rewrite batch optimization is disabled with maximum bind parameter size set to 2500.]

WRITER_1_*_1> WRT_8221 [2024-06-27 01:27:00.633] Target database connection [Conn_012MMN0B000000000002] code page: [UTF-8 encoding of Unicode]
WRITER_1_*_1> WRT_8124 [2024-06-27 01:27:00.634] Target Table Budget_Phones :SQL INSERT statement:
INSERT INTO fstm4db.Budget_Phones(Prod_ID,Prod_Name,Prod_Desc,Prod_Price)  VALUES ( ?, ?, ?, ?) 
WRITER_1_*_1> WRT_8124 [2024-06-27 01:27:00.634] Target Table Budget_Phones :SQL UPDATE statement:
All columns marked as primary keys. UPDATEs will have no effect.
WRITER_1_*_1> WRT_8124 [2024-06-27 01:27:00.634] Target Table Budget_Phones :SQL DELETE statement:
DELETE FROM fstm4db.Budget_Phones WHERE Prod_ID = ? AND Prod_Name = ? AND Prod_Desc = ? AND Prod_Price = ?
WRITER_1_*_1> WRT_8147 [2024-06-27 01:27:00.635] Writer: Target is Database [odbc://dbtype=MySQL;host=db4free.net;port=3306;database=fstm4db], Type [ODBC], User [fstm4db], Bulk Mode [OFF]
WRITER_1_*_1> WRT_8124 [2024-06-27 01:27:00.635] Target Table Midrange_Phones :SQL INSERT statement:
INSERT INTO fstm4db.Midrange_Phones(Prod_ID,Prod_Name,Prod_Desc,Prod_Price)  VALUES ( ?, ?, ?, ?) 
WRITER_1_*_1> WRT_8124 [2024-06-27 01:27:00.635] Target Table Midrange_Phones :SQL UPDATE statement:
All columns marked as primary keys. UPDATEs will have no effect.
WRITER_1_*_1> WRT_8124 [2024-06-27 01:27:00.635] Target Table Midrange_Phones :SQL DELETE statement:
DELETE FROM fstm4db.Midrange_Phones WHERE Prod_ID = ? AND Prod_Name = ? AND Prod_Desc = ? AND Prod_Price = ?
WRITER_1_*_1> WRT_8147 [2024-06-27 01:27:00.636] Writer: Target is Database [odbc://dbtype=MySQL;host=db4free.net;port=3306;database=fstm4db], Type [ODBC], User [fstm4db], Bulk Mode [OFF]
WRITER_1_*_1> WRT_8124 [2024-06-27 01:27:00.636] Target Table Luxury_Phones :SQL INSERT statement:
INSERT INTO fstm4db.Luxury_Phones(Prod_ID,Prod_Name,Prod_Desc,Prod_Price)  VALUES ( ?, ?, ?, ?) 
WRITER_1_*_1> WRT_8124 [2024-06-27 01:27:00.636] Target Table Luxury_Phones :SQL UPDATE statement:
All columns marked as primary keys. UPDATEs will have no effect.
WRITER_1_*_1> WRT_8124 [2024-06-27 01:27:00.636] Target Table Luxury_Phones :SQL DELETE statement:
DELETE FROM fstm4db.Luxury_Phones WHERE Prod_ID = ? AND Prod_Name = ? AND Prod_Desc = ? AND Prod_Price = ?
WRITER_1_*_1> WRT_8270 [2024-06-27 01:27:00.636] Target connection group #1 consists of target(s) [Budget_Phones, Midrange_Phones, Luxury_Phones]
WRITER_1_*_1> WRT_8003 [2024-06-27 01:27:00.636] Writer initialization complete.
READER_1_1_1> BLKR_16007 [2024-06-27 01:27:00.637] Reader run started.
READER_1_1_1> RR_4010 [2024-06-27 01:27:00.637] SQ instance [Source] SQL Query [SELECT fstm4db.Phones.Prod_ID, fstm4db.Phones.Prod_Name, fstm4db.Phones.Prod_Desc, fstm4db.Phones.Prod_Price FROM fstm4db.Phones]
READER_1_1_1> RR_4049 [2024-06-27 01:27:00.637] SQL Query issued to database : (Thu Jun 27 01:27:00 2024)
WRITER_1_*_1> WRT_8005 [2024-06-27 01:27:00.637] Writer run started.
WRITER_1_*_1> WRT_8158 [2024-06-27 01:27:00.637] 

*****START LOAD SESSION*****

Load Start Time: Thu Jun 27 01:27:00 2024

Target tables:

     Budget_Phones
     Midrange_Phones
     Luxury_Phones


READER_1_1_1> RR_4050 [2024-06-27 01:27:01.936] First row returned from database to reader : (Thu Jun 27 01:27:01 2024)
READER_1_1_1> BLKR_16019 [2024-06-27 01:27:01.936] Read [100] rows, read [0] error rows for source table [Phones] instance name [Phones]
READER_1_1_1> BLKR_16008 [2024-06-27 01:27:01.936] Reader run completed.
TRANSF_1_1_1> DBG_21216 [2024-06-27 01:27:01.937] Finished transformations for Source Qualifier [Source]. Total errors [0] 
WRITER_1_*_1> WRT_8167 [2024-06-27 01:27:01.937] Start loading table [Budget_Phones] at: Thu Jun 27 01:27:01 2024
WRITER_1_*_1> WRT_8167 [2024-06-27 01:27:11.492] Start loading table [Midrange_Phones] at: Thu Jun 27 01:27:10 2024
WRITER_1_*_1> WRT_8167 [2024-06-27 01:27:24.764] Start loading table [Luxury_Phones] at: Thu Jun 27 01:27:24 2024
WRITER_1_*_1> WRT_8168 [2024-06-27 01:27:33.143] End loading table [Budget_Phones] at: Thu Jun 27 01:27:32 2024
WRITER_1_*_1> WRT_8141 [2024-06-27 01:27:33.430] 
Commit on end-of-data  Thu Jun 27 01:27:32 2024
===================================================

WRT_8036 Target: Budget_Phones (Instance Name: [Budget_Phones])
WRT_8041 Updated rows  - Requested: 30         Applied: 30         Rejected: 0          Affected: 30        

WRT_8036 Target: Midrange_Phones (Instance Name: [Midrange_Phones])
WRT_8041 Updated rows  - Requested: 43         Applied: 43         Rejected: 0          Affected: 43        

WRT_8036 Target: Luxury_Phones (Instance Name: [Luxury_Phones])
WRT_8041 Updated rows  - Requested: 27         Applied: 27         Rejected: 0          Affected: 27        

WRITER_1_*_1> WRT_8168 [2024-06-27 01:27:33.430] End loading table [Midrange_Phones] at: Thu Jun 27 01:27:32 2024
WRITER_1_*_1> WRT_8168 [2024-06-27 01:27:33.430] End loading table [Luxury_Phones] at: Thu Jun 27 01:27:32 2024
WRITER_1_*_1> WRT_8035 [2024-06-27 01:27:33.430] Load complete time: Thu Jun 27 01:27:32 2024

LOAD SUMMARY
============

WRT_8036 Target: Budget_Phones (Instance Name: [Budget_Phones])
WRT_8041 Updated rows  - Requested: 30         Applied: 30         Rejected: 0          Affected: 30        

WRT_8036 Target: Midrange_Phones (Instance Name: [Midrange_Phones])
WRT_8041 Updated rows  - Requested: 43         Applied: 43         Rejected: 0          Affected: 43        

WRT_8036 Target: Luxury_Phones (Instance Name: [Luxury_Phones])
WRT_8041 Updated rows  - Requested: 27         Applied: 27         Rejected: 0          Affected: 27        


WRITER_1_*_1> WRT_8043 [2024-06-27 01:27:33.430] *****END LOAD SESSION*****
WRITER_1_*_1> WRT_8006 [2024-06-27 01:27:33.725] Writer run completed.
MANAGER> PETL_24031 [2024-06-27 01:27:33.726] 
***** RUN INFO FOR TGT LOAD ORDER GROUP [1], CONCURRENT SET [1] *****
Thread [READER_1_1_1] created for [the read stage] of partition point [Source] has completed.
	Total Run Time = [1.586424] secs
	Total Idle Time = [0.000000] secs
	Busy Percentage = [100.000000]
Thread [TRANSF_1_1_1] created for [the transformation stage] of partition point [Source] has completed. The total run time was insufficient for any meaningful statistics.
Thread [WRITER_1_*_1] created for [the write stage] of partition point [Budget_Phones, Midrange_Phones, Luxury_Phones] has completed.
	Total Run Time = [31.788149] secs
	Total Idle Time = [0.000000] secs
	Busy Percentage = [100.000000]

MANAGER> PETL_24005 [2024-06-27 01:27:33.727] Starting post-session tasks. : (Thu Jun 27 01:27:33 2024)
POST-SESS> PETL_24091 [2024-06-27 01:27:33.727] Thread [POST-SESS] has the ID [8].
MANAGER> PETL_24029 [2024-06-27 01:27:33.728] Post-session task completed successfully. : (Thu Jun 27 01:27:33 2024)
MAPPING> TM_6018 [2024-06-27 01:27:33.728] The session completed with [0] row transformation errors. 
MANAGER> PETL_24002 [2024-06-27 01:27:34.547] Parallel Pipeline Engine finished.
DIRECTOR> PETL_24012 [2024-06-27 01:27:34.547] Session run completed successfully.
DIRECTOR> TM_6022 [2024-06-27 01:27:34.548] 

SESSION LOAD SUMMARY
================================================

DIRECTOR> TM_6252 [2024-06-27 01:27:34.548] Source Load Summary.
DIRECTOR> CMN_1740 [2024-06-27 01:27:34.548] Table: [Source] (Instance Name: [Source] Instance UI Name: [Source])
	 Output Rows [100], Affected Rows [100], Applied Rows [100], Rejected Rows [0]
DIRECTOR> TM_6253 [2024-06-27 01:27:34.548] Target Load Summary.
DIRECTOR> CMN_1740 [2024-06-27 01:27:34.548] Table: [Budget_Phones] (Instance Name: [Budget_Phones] Instance UI Name: [Budget_Target])
	 Output Rows [30], Affected Rows [30], Applied Rows [30], Rejected Rows [0]
DIRECTOR> CMN_1740 [2024-06-27 01:27:34.548] Table: [Midrange_Phones] (Instance Name: [Midrange_Phones] Instance UI Name: [Midrange_Target])
	 Output Rows [43], Affected Rows [43], Applied Rows [43], Rejected Rows [0]
DIRECTOR> CMN_1740 [2024-06-27 01:27:34.548] Table: [Luxury_Phones] (Instance Name: [Luxury_Phones] Instance UI Name: [Luxury_Target])
	 Output Rows [27], Affected Rows [27], Applied Rows [27], Rejected Rows [0]
DIRECTOR> TM_6023 [2024-06-27 01:27:34.548] 
===================================================

DIRECTOR> TM_6020 [2024-06-27 01:27:34.548] Session [s_mtt_012MMN0Z000000000002] completed at [Thu Jun 27 01:27:34 2024].
